Configuring clientsession-0.9.1.2...
Preprocessing library for clientsession-0.9.1.2..
Building library for clientsession-0.9.1.2..
[1 of 2] Compiling System.LookupEnv ( src/System/LookupEnv.hs, .stack-work/dist/x86_64-linux/Cabal-2.0.1.0/build/System/LookupEnv.o )
[2 of 2] Compiling Web.ClientSession ( src/Web/ClientSession.hs, .stack-work/dist/x86_64-linux/Cabal-2.0.1.0/build/Web/ClientSession.o )

src/Web/ClientSession.hs:91:1: warning: [-Wunused-imports]
    The import of ‘Data.Tagged’ is redundant
      except perhaps to import instances from ‘Data.Tagged’
    To import instances alone, use: import Data.Tagged()
   |
91 | import Data.Tagged (Tagged, untag)
   | ^^^^^^^^^^^^^^^^^^^^^^^^^^^^^^^^^^

src/Web/ClientSession.hs:95:1: warning: [-Wunused-imports]
    The import of ‘Crypto.Random’ is redundant
      except perhaps to import instances from ‘Crypto.Random’
    To import instances alone, use: import Crypto.Random()
   |
95 | import "crypto-api" Crypto.Random (genSeedLength, reseed)
   | ^^^^^^^^^^^^^^^^^^^^^^^^^^^^^^^^^^^^^^^^^^^^^^^^^^^^^^^^^

src/Web/ClientSession.hs:96:1: warning: [-Wunused-imports]
    The import of ‘Crypto.Types’ is redundant
      except perhaps to import instances from ‘Crypto.Types’
    To import instances alone, use: import Crypto.Types()
   |
96 | import Crypto.Types (ByteLength)
   | ^^^^^^^^^^^^^^^^^^^^^^^^^^^^^^^^

src/Web/ClientSession.hs:267:37: warning: [-Wdeprecations]
    In the use of ‘initKey’ (imported from Crypto.Cipher.AES):
    Deprecated: "use initAES"
    |
267 | initKey bs = Right $ Key { aesKey = A.initKey preAesKey
    |                                     ^^^^^^^^^
Preprocessing executable 'clientsession-generate' for clientsession-0.9.1.2..
Building executable 'clientsession-generate' for clientsession-0.9.1.2..
[1 of 1] Compiling Main             ( bin/generate.hs, .stack-work/dist/x86_64-linux/Cabal-2.0.1.0/build/clientsession-generate/clientsession-generate-tmp/Main.o )
Linking .stack-work/dist/x86_64-linux/Cabal-2.0.1.0/build/clientsession-generate/clientsession-generate ...
Installing library in /home/pingfreud/.stack/snapshots/x86_64-linux/lts-11.7/8.2.2/lib/x86_64-linux-ghc-8.2.2/clientsession-0.9.1.2-5VN9f5SmU7977aMXGLKbHo
Installing executable clientsession-generate in /home/pingfreud/.stack/snapshots/x86_64-linux/lts-11.7/8.2.2/bin
Registering library for clientsession-0.9.1.2..
