Configuring socks-0.5.6...
Preprocessing library for socks-0.5.6..
Building library for socks-0.5.6..
[1 of 7] Compiling Network.Socks5.Parse ( Network/Socks5/Parse.hs, .stack-work/dist/x86_64-linux/Cabal-2.0.1.0/build/Network/Socks5/Parse.o )
[2 of 7] Compiling Network.Socks5.Types ( Network/Socks5/Types.hs, .stack-work/dist/x86_64-linux/Cabal-2.0.1.0/build/Network/Socks5/Types.o )
[3 of 7] Compiling Network.Socks5.Conf ( Network/Socks5/Conf.hs, .stack-work/dist/x86_64-linux/Cabal-2.0.1.0/build/Network/Socks5/Conf.o )
[4 of 7] Compiling Network.Socks5.Wire ( Network/Socks5/Wire.hs, .stack-work/dist/x86_64-linux/Cabal-2.0.1.0/build/Network/Socks5/Wire.o )

[;1mNetwork/Socks5/Wire.hs:15:1: [;1m[35mwarning:[0m[0m[;1m [[;1m[35m-Wunused-imports[0m[0m[;1m][0m[0m[;1m
    The import of ‘Control.Applicative’ is redundant
      except perhaps to import instances from ‘Control.Applicative’
    To import instances alone, use: import Control.Applicative()[0m[0m
[;1m[34m   |[0m[0m
[;1m[34m15 |[0m[0m [;1m[35mimport Control.Applicative[0m[0m
[;1m[34m   |[0m[0m[;1m[35m ^^^^^^^^^^^^^^^^^^^^^^^^^^[0m[0m
[0m[0m[0m
[;1mNetwork/Socks5/Wire.hs:23:1: [;1m[35mwarning:[0m[0m[;1m [[;1m[35m-Wunused-imports[0m[0m[;1m][0m[0m[;1m
    The import of ‘Network.Socks5.Parse’ is redundant
      except perhaps to import instances from ‘Network.Socks5.Parse’
    To import instances alone, use: import Network.Socks5.Parse()[0m[0m
[;1m[34m   |[0m[0m
[;1m[34m23 |[0m[0m [;1m[35mimport Network.Socks5.Parse as P (anyByte, take)[0m[0m
[;1m[34m   |[0m[0m[;1m[35m ^^^^^^^^^^^^^^^^^^^^^^^^^^^^^^^^^^^^^^^^^^^^^^^^[0m[0m
[0m[0m[0m[5 of 7] Compiling Network.Socks5.Command ( Network/Socks5/Command.hs, .stack-work/dist/x86_64-linux/Cabal-2.0.1.0/build/Network/Socks5/Command.o )

[;1mNetwork/Socks5/Command.hs:25:1: [;1m[35mwarning:[0m[0m[;1m [[;1m[35m-Wunused-imports[0m[0m[;1m][0m[0m[;1m
    The import of ‘Control.Applicative’ is redundant
      except perhaps to import instances from ‘Control.Applicative’
    To import instances alone, use: import Control.Applicative()[0m[0m
[;1m[34m   |[0m[0m
[;1m[34m25 |[0m[0m [;1m[35mimport Control.Applicative[0m[0m
[;1m[34m   |[0m[0m[;1m[35m ^^^^^^^^^^^^^^^^^^^^^^^^^^[0m[0m
[0m[0m[0m[6 of 7] Compiling Network.Socks5.Lowlevel ( Network/Socks5/Lowlevel.hs, .stack-work/dist/x86_64-linux/Cabal-2.0.1.0/build/Network/Socks5/Lowlevel.o )
[7 of 7] Compiling Network.Socks5   ( Network/Socks5.hs, .stack-work/dist/x86_64-linux/Cabal-2.0.1.0/build/Network/Socks5.o )
Installing library in /home/pingfreud/.stack/snapshots/x86_64-linux/lts-11.7/8.2.2/lib/x86_64-linux-ghc-8.2.2/socks-0.5.6-EvT6QNLaafN9Cv9lPt0BmN
Registering library for socks-0.5.6..
